<?xml version="1.0" encoding="UTF-8"?>
<!-- Generated by org.testng.reporters.JUnitXMLReporter -->
<testsuite hostname="LAPTOP-L4ML7MMC" tests="17" failures="0" timestamp="14 Oct 2016 19:51:08 GMT" time="0.895" errors="0">
  <testcase name="testThirdGrade on testThirdGrade(StudentTest)" time="0.051" classname="StudentTest"/>
  <testcase name="testToString on testToString(StudentTest)" time="0.013" classname="StudentTest"/>
  <testcase name="testFirstGrade on testFirstGrade(StudentTest)" time="0.011" classname="StudentTest"/>
  <testcase name="testCalculateAverageGradeEmpty on testCalculateAverageGradeEmpty(StudentTest)" time="0.016" classname="StudentTest"/>
  <testcase name="testCalculateAverageGradeFirst on testCalculateAverageGradeFirst(StudentTest)" time="0.026" classname="StudentTest"/>
  <testcase name="testSecondGrade on testSecondGrade(StudentTest)" time="0.003" classname="StudentTest"/>
  <testcase name="testCalculateAverageGradeAll on testCalculateAverageGradeAll(StudentTest)" time="0.004" classname="StudentTest"/>
  <testcase name="testClassroomName on testClassroomName(ClassroomTest)" time="0.004" classname="ClassroomTest"/>
  <testcase name="testClassroomTerm on testClassroomTerm(ClassroomTest)" time="0.005" classname="ClassroomTest"/>
  <testcase name="testRemoveAStudent on testRemoveAStudent(ClassroomTest)" time="0.049" classname="ClassroomTest"/>
  <testcase name="testPrintFullRelatory on testPrintFullRelatory(ClassroomTest)" time="0.004" classname="ClassroomTest"/>
  <testcase name="testSetGetStudents on testSetGetStudents(ClassroomTest)" time="0.008" classname="ClassroomTest"/>
  <testcase name="testAddANewStudent on testAddANewStudent(ClassroomTest)" time="0.005" classname="ClassroomTest"/>
  <testcase name="testAge on testAge(PersonTest)" time="0.001" classname="PersonTest"/>
  <testcase name="testLastName on testLastName(PersonTest)" time="0.001" classname="PersonTest"/>
  <testcase name="testFirstName on testFirstName(PersonTest)" time="0.002" classname="PersonTest"/>
  <testcase name="testGender on testGender(PersonTest)" time="0.003" classname="PersonTest"/>
</testsuite>
